# Command 1 on app as reviewer
# Run at: 2026-05-13T06:33:50.532Z
# Exit code: 0
# Duration: 2650ms

## Command
curl -s -X POST \
  -H "X-API-Key: dev-key-12345" \
  -H "Content-Type: text/plain" \
  -d 'From: john.doe@acme.com
To: sales@example.com
Subject: Enterprise licensing inquiry
Date: Mon, 13 May 2024 10:00:00 +0000

Hi,

We are ACME Corporation and we are interested in your SaaS platform for enterprise licensing. We have a budget of $500k and a 6-month timeline.

Best regards,
John Doe
Sales Director
ACME Corporation' \
  http://localhost:5000/webhook/email | jq .

## STDOUT (full)
{
  "id": "ext_2",
  "status": "success",
  "extracted": {
    "company_name": "John Doe",
    "contact_email": "john.doe@acme.com",
    "contact_name": "John Doe",
    "budget": "$500k ",
    "timeline": "May 2024",
    "confidence": 0.9499999999999998
  },
  "pipedrive_sync": {
    "success": false,
    "error": "Failed to create/find contact"
  }
}

## STDERR (full)
(empty)