# Command 1 on app as engineer
# Run at: 2026-05-13T06:25:04.837Z
# Exit code: 0
# Duration: 5548ms

## Command
cd ~/email-to-sql && docker compose down && sleep 2 && timeout 180 docker compose build --progress=plain 2>&1 | tail -60

## STDOUT (full)
#1 [internal] load local bake definitions
#1 reading from stdin 540B done
#1 DONE 0.0s

#2 [internal] load build definition from Dockerfile
#2 transferring dockerfile: 947B done
#2 DONE 0.0s

#3 [internal] load metadata for docker.io/library/node:18-alpine
#3 DONE 0.4s

#4 [internal] load .dockerignore
#4 transferring context: 2B done
#4 DONE 0.0s

#5 [builder 1/7] FROM docker.io/library/node:18-alpine@sha256:8d6421d663b4c28fd3ebc498332f249011d118945588d0a35cb9bc4b8ca09d9e
#5 resolve docker.io/library/node:18-alpine@sha256:8d6421d663b4c28fd3ebc498332f249011d118945588d0a35cb9bc4b8ca09d9e 0.0s done
#5 DONE 0.0s

#6 [internal] load build context
#6 transferring context: 229B done
#6 DONE 0.0s

#7 [builder 2/7] WORKDIR /app
#7 CACHED

#8 [stage-1 4/5] RUN npm ci --omit=dev || npm install --only=production
#8 CACHED

#9 [builder 6/7] COPY src/ ./src/
#9 CACHED

#10 [builder 7/7] RUN npm run build
#10 CACHED

#11 [builder 3/7] COPY package.json package-lock.json* yarn.lock* pnpm-lock.yaml* ./
#11 CACHED

#12 [builder 4/7] RUN npm ci --omit=dev || npm install
#12 CACHED

#13 [builder 5/7] COPY tsconfig.json ./
#13 CACHED

#14 [stage-1 5/5] COPY --from=builder /app/dist ./dist
#14 CACHED

#15 exporting to image
#15 exporting layers done
#15 exporting manifest sha256:44f8572a692e4e5894b72ab5c86144b953968ed898e980aeb45134fe270c175f done
#15 exporting config sha256:0115544f38b655b898048e78fdf20ebc84377a2dd9f6b11b640b64be8f84ac96 done
#15 exporting attestation manifest sha256:93cd52942009af95466d7aed28155aba2d645d4c1a5c5fc3d0eff68f7911c891 done
#15 exporting manifest list sha256:33880f19c8e5e317cb24f245ee689379bf196f8b2ce14bde47352f99ccb3235a done
#15 naming to docker.io/library/email-to-sql-email-to-sql:latest done
#15 unpacking to docker.io/library/email-to-sql-email-to-sql:latest done
#15 DONE 0.0s

#16 resolving provenance for metadata file
#16 DONE 0.0s
 Image email-to-sql-email-to-sql Built

## STDERR (full)
(empty)