# Command 1 on app as reviewer
# Run at: 2026-05-13T05:18:32.736Z
# Exit code: 0
# Duration: 2823ms

## Command
cd ~ && git clone https://github.com/Innovaine/email-to-sql.git email-to-sql-review 2>&1 | head -20; echo "---"; ls -la email-to-sql-review/ | head -20

## STDOUT (full)
Cloning into 'email-to-sql-review'...
---
total 48
drwxrwxr-x 8 reviewer reviewer 4096 May 13 05:18 .
drwxr-x--- 5 reviewer reviewer 4096 May 13 05:18 ..
drwxrwxr-x 8 reviewer reviewer 4096 May 13 05:18 .git
-rw-rw-r-- 1 reviewer reviewer 1671 May 13 05:18 README.md
-rw-rw-r-- 1 reviewer reviewer 1373 May 13 05:18 _meta.json
drwxrwxr-x 2 reviewer reviewer 4096 May 13 05:18 decisions
drwxrwxr-x 2 reviewer reviewer 4096 May 13 05:18 execution
-rw-rw-r-- 1 reviewer reviewer 1054 May 13 05:18 idea.md
drwxrwxr-x 2 reviewer reviewer 4096 May 13 05:18 reviews
-rw-rw-r-- 1 reviewer reviewer  626 May 13 05:18 server-log.md
drwxrwxr-x 2 reviewer reviewer 4096 May 13 05:18 server-runs
drwxrwxr-x 2 reviewer reviewer 4096 May 13 05:18 week-01

## STDERR (full)
(empty)