# Command 1 on app as reviewer
# Run at: 2026-05-13T16:31:50.038Z
# Exit code: 0
# Duration: 3286ms

## Command
cd ~/email-to-sql && git pull --ff-only && npm install 2>&1 | tail -5

## STDOUT (full)
Updating 64f438d..fffbb92
Fast-forward
 server-log.md                                      | 1011 ++++++++++++++++++++
 ...-cd-email-to-sql-git-pull---ff-only-git-l-1.log |   87 ++
 ...-cd-email-to-sql-docker-compose-build-2-1-1.log |   42 +
 ...-cd-email-to-sql-docker-compose-down-slee-1.log |   15 +
 ...-curl--s--H-X-API-Key-dev-key-12345-http--1.log |   18 +
 ...16-06-42-app-cd-email-to-sql-npm-test-2-1-1.log |   83 ++
 ...-cd-email-to-sql-npm-install-2-1-tail--20-1.log |   19 +
 ...p-cd-email-to-sql-npx-playwright-test-2-1-1.log |  226 +++++
 ...19-app-cd-email-to-sql-git-pull---ff-only-1.log |   60 ++
 ...-cd-email-to-sql-docker-compose-down-slee-1.log |   76 ++
 ...p-cd-email-to-sql-npx-playwright-test-2-1-1.log |   73 ++
 ...-cd-email-to-sql-npm-install-2-1-tail--20-1.log |   19 +
 ...p-cd-email-to-sql-npx-playwright-test-2-1-1.log |  188 ++++
 ...-cd-email-to-sql-git-pull---ff-only-docke-1.log |  109 +++
 ...app-cd-email-to-sql-git-log---oneline--10-1.log |   22 +
 ...-app-cd-email-to-sql-git-show-HEAD---stat-1.log |   21 +
 src/extraction.ts                                  |   45 +-
 src/server.ts                                      |   13 +-
 tests/pipedrive-sync.spec.ts                       |    7 +-
 tests/webhook.spec.ts                              |    4 +-
 week-09/_index.md                                  |   15 +
 week-09/pm-status.md                               |   64 ++
 week-09/review.md                                  |  455 +++++++++
 week-10/_plan.md                                   |   35 +
 week-10/engineering.md                             |  523 ++++++++++
 25 files changed, 3212 insertions(+), 18 deletions(-)
 create mode 100644 server-runs/2026-05-13T16-04-19-app-cd-email-to-sql-git-pull---ff-only-git-l-1.log
 create mode 100644 server-runs/2026-05-13T16-04-51-app-cd-email-to-sql-docker-compose-build-2-1-1.log
 create mode 100644 server-runs/2026-05-13T16-05-38-app-cd-email-to-sql-docker-compose-down-slee-1.log
 create mode 100644 server-runs/2026-05-13T16-06-08-app-curl--s--H-X-API-Key-dev-key-12345-http--1.log
 create mode 100644 server-runs/2026-05-13T16-06-42-app-cd-email-to-sql-npm-test-2-1-1.log
 create mode 100644 server-runs/2026-05-13T16-07-20-app-cd-email-to-sql-npm-install-2-1-tail--20-1.log
 create mode 100644 server-runs/2026-05-13T16-07-57-app-cd-email-to-sql-npx-playwright-test-2-1-1.log
 create mode 100644 server-runs/2026-05-13T16-24-19-app-cd-email-to-sql-git-pull---ff-only-1.log
 create mode 100644 server-runs/2026-05-13T16-24-56-app-cd-email-to-sql-docker-compose-down-slee-1.log
 create mode 100644 server-runs/2026-05-13T16-25-32-app-cd-email-to-sql-npx-playwright-test-2-1-1.log
 create mode 100644 server-runs/2026-05-13T16-26-10-app-cd-email-to-sql-npm-install-2-1-tail--20-1.log
 create mode 100644 server-runs/2026-05-13T16-26-53-app-cd-email-to-sql-npx-playwright-test-2-1-1.log
 create mode 100644 server-runs/2026-05-13T16-28-57-app-cd-email-to-sql-git-pull---ff-only-docke-1.log
 create mode 100644 server-runs/2026-05-13T16-29-46-app-cd-email-to-sql-git-log---oneline--10-1.log
 create mode 100644 server-runs/2026-05-13T16-30-13-app-cd-email-to-sql-git-show-HEAD---stat-1.log
 create mode 100644 week-09/_index.md
 create mode 100644 week-09/pm-status.md
 create mode 100644 week-09/review.md
 create mode 100644 week-10/_plan.md
 create mode 100644 week-10/engineering.md

30 packages are looking for funding
  run `npm fund` for details

found 0 vulnerabilities

## STDERR (full)
(empty)