# Command 1 on app as engineer
# Run at: 2026-05-13T06:10:05.693Z
# Exit code: 0
# Duration: 3099ms

## Command
cd ~/email-to-sql && git pull --ff-only 2>&1 | head -20

## STDOUT (full)
From https://github.com/Innovaine/email-to-sql
   8d36c58..cca01e3  main       -> origin/main
Updating 8d36c58..cca01e3
Fast-forward
 server-log.md                                      | 336 +++++++++++++++++++++
 ...-cd-email-to-sql-timeout-180-docker-compo-1.log |  98 ++++++
 ...38-app-cd-email-to-sql-git-pull---ff-only-1.log |  83 +++++
 ...-cd-email-to-sql-timeout-180-docker-compo-1.log |  61 ++++
 ...-cd-home-tester-rm--rf-email-to-sql-git-c-1.log |  16 +
 ...-cd-home-tester-email-to-sql-timeout-120--1.log |  61 ++++
 ...-cd-home-tester-email-to-sql-git-pull---f-1.log |  24 ++
 ...-cd-home-tester-email-to-sql-timeout-120--1.log |  71 +++++
 src/pipedrive.ts                                   |  10 +-
 src/server.ts                                      |  15 +-
 week-06/_index.md                                  |   7 +-
 week-06/engineering.md                             | 115 +++++--
 week-06/files/week-06-status.md                    |  28 ++
 week-06/pm-status.md                               |  61 ++++
 week-06/review.md                                  | 138 +++++++--
 week-06/risks.md                                   |  78 +++++

## STDERR (full)
(empty)