# Command 1 on app as engineer
# Run at: 2026-05-13T06:01:41.003Z
# Exit code: 0
# Duration: 4859ms

## Command
cd ~/email-to-sql && timeout 180 docker compose up -d --build 2>&1 | head -100

## STDOUT (full)
time="2026-05-13T06:01:39Z" level=warning msg="/home/engineer/email-to-sql/docker-compose.yml: the attribute `version` is obsolete, it will be ignored, please remove it to avoid potential confusion"
 Image email-to-sql-email-to-sql Building 
#1 [internal] load local bake definitions
#1 reading from stdin 540B done
#1 DONE 0.0s

#2 [internal] load build definition from Dockerfile
#2 transferring dockerfile: 947B done
#2 DONE 0.0s

#3 [internal] load metadata for docker.io/library/node:18-alpine
#3 DONE 0.4s

#4 [internal] load .dockerignore
#4 transferring context: 2B done
#4 DONE 0.0s

#5 [builder 1/7] FROM docker.io/library/node:18-alpine@sha256:8d6421d663b4c28fd3ebc498332f249011d118945588d0a35cb9bc4b8ca09d9e
#5 resolve docker.io/library/node:18-alpine@sha256:8d6421d663b4c28fd3ebc498332f249011d118945588d0a35cb9bc4b8ca09d9e 0.0s done
#5 DONE 0.0s

#6 [internal] load build context
#6 transferring context: 229B done
#6 DONE 0.0s

#7 [builder 2/7] WORKDIR /app
#7 CACHED

#8 [builder 3/7] COPY package.json package-lock.json* yarn.lock* pnpm-lock.yaml* ./
#8 CACHED

#9 [stage-1 4/5] RUN npm ci --omit=dev || npm install --only=production
#9 CACHED

#10 [builder 5/7] COPY tsconfig.json ./
#10 CACHED

#11 [builder 4/7] RUN npm ci --omit=dev || npm install
#11 CACHED

#12 [builder 6/7] COPY src/ ./src/
#12 CACHED

#13 [builder 7/7] RUN npm run build
#13 0.278 
#13 0.278 > email-to-sql@0.1.0 build
#13 0.278 > tsc
#13 0.278 
#13 1.323 src/pipedrive.ts(294,59): error TS2345: Argument of type 'string | null' is not assignable to parameter of type 'string | undefined'.
#13 1.323   Type 'null' is not assignable to type 'string | undefined'.
#13 1.324 src/server.ts(49,28): error TS7030: Not all code paths return a value.
#13 1.324 src/server.ts(77,7): error TS2322: Type '{ success: boolean; contactId?: number | undefined; dealId?: number | undefined; error?: string | undefined; }' is not assignable to type '{ success: boolean; error: string; }'.
#13 1.324   Types of property 'error' are incompatible.
#13 1.324     Type 'string | undefined' is not assignable to type 'string'.
#13 1.324       Type 'undefined' is not assignable to type 'string'.
#13 ERROR: process "/bin/sh -c npm run build" did not complete successfully: exit code: 2
------
 > [builder 7/7] RUN npm run build:
0.278 > email-to-sql@0.1.0 build
0.278 > tsc
0.278 
1.323 src/pipedrive.ts(294,59): error TS2345: Argument of type 'string | null' is not assignable to parameter of type 'string | undefined'.
1.323   Type 'null' is not assignable to type 'string | undefined'.
1.324 src/server.ts(49,28): error TS7030: Not all code paths return a value.
1.324 src/server.ts(77,7): error TS2322: Type '{ success: boolean; contactId?: number | undefined; dealId?: number | undefined; error?: string | undefined; }' is not assignable to type '{ success: boolean; error: string; }'.
1.324   Types of property 'error' are incompatible.
1.324     Type 'string | undefined' is not assignable to type 'string'.
1.324       Type 'undefined' is not assignable to type 'string'.
------
Dockerfile:17

--------------------

  15 |     

  16 |     # Compile TypeScript

  17 | >>> RUN npm run build

  18 |     

  19 |     # Runtime stage

--------------------

failed to solve: process "/bin/sh -c npm run build" did not complete successfully: exit code: 2

## STDERR (full)
(empty)