# Command 1 on app as engineer
# Run at: 2026-05-13T16:24:19.967Z
# Exit code: 0
# Duration: 3005ms

## Command
cd ~/email-to-sql && git pull --ff-only

## STDOUT (full)
Updating 53d5606..97f027f
Fast-forward
 server-log.md                                      | 715 +++++++++++++++++++++
 ...-13T15-53-42-app-cd-email-to-sql-git-pull-1.log |  20 +
 ...-app-cd-email-to-sql-git-log---oneline--5-1.log |  17 +
 ...-cd-email-to-sql-git-show---stat-HEAD-hea-1.log |  21 +
 ...-cd-email-to-sql-ls--lh-src-wc--l-src-ext-1.log |  18 +
 ...-cd-email-to-sql-docker-compose-down-dock-1.log |  77 +++
 ...-cd-email-to-sql-docker-compose-logs---ta-1.log |  23 +
 ...-cd-email-to-sql-npx-playwright-test-test-1.log | 111 ++++
 ...-cd-email-to-sql-npx-playwright-test-test-1.log |  15 +
 ...-cd-email-to-sql-git-status-git-log---one-1.log |  19 +
 ...-cd-email-to-sql-git-pull---ff-only-git-l-1.log |  87 +++
 ...-cd-email-to-sql-docker-compose-build-2-1-1.log |  42 ++
 ...-cd-email-to-sql-docker-compose-down-slee-1.log |  15 +
 ...-curl--s--H-X-API-Key-dev-key-12345-http--1.log |  18 +
 ...16-06-42-app-cd-email-to-sql-npm-test-2-1-1.log |  83 +++
 ...-cd-email-to-sql-npm-install-2-1-tail--20-1.log |  19 +
 ...p-cd-email-to-sql-npx-playwright-test-2-1-1.log | 226 +++++++
 src/extraction.ts                                  |  37 +-
 src/server.ts                                      |  13 +-
 week-09/_index.md                                  |  15 +
 week-09/engineering.md                             | 279 ++++++++
 week-09/pm-status.md                               |  64 ++
 week-09/review.md                                  | 455 +++++++++++++
 week-10/_plan.md                                   |  35 +
 24 files changed, 2411 insertions(+), 13 deletions(-)
 create mode 100644 server-runs/2026-05-13T15-53-42-app-cd-email-to-sql-git-pull-1.log
 create mode 100644 server-runs/2026-05-13T15-55-25-app-cd-email-to-sql-git-log---oneline--5-1.log
 create mode 100644 server-runs/2026-05-13T15-56-00-app-cd-email-to-sql-git-show---stat-HEAD-hea-1.log
 create mode 100644 server-runs/2026-05-13T15-59-29-app-cd-email-to-sql-ls--lh-src-wc--l-src-ext-1.log
 create mode 100644 server-runs/2026-05-13T16-00-07-app-cd-email-to-sql-docker-compose-down-dock-1.log
 create mode 100644 server-runs/2026-05-13T16-00-54-app-cd-email-to-sql-docker-compose-logs---ta-1.log
 create mode 100644 server-runs/2026-05-13T16-01-41-app-cd-email-to-sql-npx-playwright-test-test-1.log
 create mode 100644 server-runs/2026-05-13T16-02-54-app-cd-email-to-sql-npx-playwright-test-test-1.log
 create mode 100644 server-runs/2026-05-13T16-03-51-app-cd-email-to-sql-git-status-git-log---one-1.log
 create mode 100644 server-runs/2026-05-13T16-04-19-app-cd-email-to-sql-git-pull---ff-only-git-l-1.log
 create mode 100644 server-runs/2026-05-13T16-04-51-app-cd-email-to-sql-docker-compose-build-2-1-1.log
 create mode 100644 server-runs/2026-05-13T16-05-38-app-cd-email-to-sql-docker-compose-down-slee-1.log
 create mode 100644 server-runs/2026-05-13T16-06-08-app-curl--s--H-X-API-Key-dev-key-12345-http--1.log
 create mode 100644 server-runs/2026-05-13T16-06-42-app-cd-email-to-sql-npm-test-2-1-1.log
 create mode 100644 server-runs/2026-05-13T16-07-20-app-cd-email-to-sql-npm-install-2-1-tail--20-1.log
 create mode 100644 server-runs/2026-05-13T16-07-57-app-cd-email-to-sql-npx-playwright-test-2-1-1.log
 create mode 100644 week-09/_index.md
 create mode 100644 week-09/engineering.md
 create mode 100644 week-09/pm-status.md
 create mode 100644 week-09/review.md
 create mode 100644 week-10/_plan.md

## STDERR (full)
(empty)