# Command 1 on app as reviewer
# Run at: 2026-05-13T06:34:39.726Z
# Exit code: 0
# Duration: 2875ms

## Command
curl -s http://localhost:5000/dashboard | head -50

## STDOUT (full)

<!DOCTYPE html>
<html>
<head>
  <title>Email-to-SQL Dashboard</title>
  <style>
    body { font-family: sans-serif; margin: 20px; background: #f5f5f5; }
    .container { max-width: 1200px; margin: 0 auto; }
    h1 { color: #333; }
    table { width: 100%; border-collapse: collapse; background: white; box-shadow: 0 1px 3px rgba(0,0,0,0.1); }
    th, td { padding: 12px; text-align: left; border-bottom: 1px solid #ddd; }
    th { background: #f8f8f8; font-weight: bold; }
    tr:hover { background: #fafafa; }
    .status-success { color: green; font-weight: bold; }
    .status-review { color: orange; font-weight: bold; }
    .status-failed { color: red; font-weight: bold; }
    .confidence { display: inline-block; width: 100px; height: 20px; background: #f0f0f0; border-radius: 3px; overflow: hidden; }
    .confidence-fill { height: 100%; background: linear-gradient(to right, #ff6b6b, #ffd93d, #6bcf7f); }
    .metrics { display: flex; gap: 20px; margin-bottom: 20px; }
    .metric { padding: 15px; background: white; border-radius: 5px; box-shadow: 0 1px 3px rgba(0,0,0,0.1); }
    .metric-value { font-size: 24px; font-weight: bold; }
    .metric-label { color: #999; font-size: 12px; }
  </style>
</head>
<body>
  <div class="container">
    <h1>📧 Email-to-SQL Dashboard</h1>
    
    <div class="metrics">
      <div class="metric">
        <div class="metric-value">2</div>
        <div class="metric-label">Total Extractions</div>
      </div>
      <div class="metric">
        <div class="metric-value">2</div>
        <div class="metric-label">Auto-Synced</div>
      </div>
      <div class="metric">
        <div class="metric-value">0</div>
        <div class="metric-label">Awaiting Review</div>
      </div>
      <div class="metric">
        <div class="metric-value">0.95</div>
        <div class="metric-label">Avg Confidence</div>
      </div>
    </div>

    
    <table>
      <thead>

## STDERR (full)
(empty)