# Command 1 on app as reviewer
# Run at: 2026-05-13T16:04:19.361Z
# Exit code: 0
# Duration: 3111ms

## Command
cd ~/email-to-sql && git pull --ff-only && git log --oneline -5

## STDOUT (full)
Updating 99b754c..64f438d
Fast-forward
 server-log.md                                      | 878 +++++++++++++++++++++
 ...-cd-email-to-sql-git-pull---ff-only-cat-p-1.log |  54 ++
 ...-cd-email-to-sql-docker-compose-up--d-sle-1.log |  24 +
 ...p-curl--s-http-localhost-5000-health-echo-1.log |  13 +
 ...-curl--s--H-X-API-Key-dev-key-12345-http--1.log |  13 +
 .../2026-05-13T06-33-50-app-curl--s--X-POST-1.log  |  44 ++
 ...-curl--s-http-localhost-5000-dashboard-he-1.log |  62 ++
 ...-cd-email-to-sql-git-status-docker-ps---f-1.log |  21 +
 ...-curl--s--H-X-API-Key-dev-key-12345-http--1.log |  18 +
 ...-cd-email-to-sql-git-pull-npm-install--D--1.log | 110 +++
 ...-cd-email-to-sql-npx-playwright-test-test-1.log | 226 ++++++
 ...-cd-email-to-sql-npx-playwright-install---1.log |  17 +
 ...-ls--la-usr-local-share-playwright-browse-1.log |  17 +
 ...29-app-cd-email-to-sql-git-pull---ff-only-1.log |  16 +
 ...-cd-email-to-sql-tail--30-src-extraction.-1.log |  32 +
 ...-13T15-53-42-app-cd-email-to-sql-git-pull-1.log |  20 +
 ...-app-cd-email-to-sql-git-log---oneline--5-1.log |  17 +
 ...-cd-email-to-sql-git-show---stat-HEAD-hea-1.log |  21 +
 ...-cd-email-to-sql-ls--lh-src-wc--l-src-ext-1.log |  18 +
 ...-cd-email-to-sql-docker-compose-down-dock-1.log |  77 ++
 ...-cd-email-to-sql-docker-compose-logs---ta-1.log |  23 +
 ...-cd-email-to-sql-npx-playwright-test-test-1.log | 111 +++
 ...-cd-email-to-sql-npx-playwright-test-test-1.log |  15 +
 ...-cd-email-to-sql-git-status-git-log---one-1.log |  19 +
 src/extraction.ts                                  |  95 ++-
 tests/web/fixtures.spec.ts                         | 312 ++++++++
 tests/web/integration.spec.ts                      |   8 +-
 week-08/_index.md                                  |  18 +
 week-08/files/week-08-risks.md                     |  13 +
 week-08/pm-status.md                               |  64 ++
 week-08/review.md                                  | 186 +++++
 week-08/risks.md                                   |  72 ++
 week-08/test.md                                    | 342 ++++++++
 week-09/_plan.md                                   |  34 +
 week-09/engineering.md                             | 279 +++++++
 35 files changed, 3258 insertions(+), 31 deletions(-)
 create mode 100644 server-runs/2026-05-13T06-26-25-app-cd-email-to-sql-git-pull---ff-only-cat-p-1.log
 create mode 100644 server-runs/2026-05-13T06-27-45-app-cd-email-to-sql-docker-compose-up--d-sle-1.log
 create mode 100644 server-runs/2026-05-13T06-31-42-app-curl--s-http-localhost-5000-health-echo-1.log
 create mode 100644 server-runs/2026-05-13T06-33-09-app-curl--s--H-X-API-Key-dev-key-12345-http--1.log
 create mode 100644 server-runs/2026-05-13T06-33-50-app-curl--s--X-POST-1.log
 create mode 100644 server-runs/2026-05-13T06-34-39-app-curl--s-http-localhost-5000-dashboard-he-1.log
 create mode 100644 server-runs/2026-05-13T06-40-13-app-cd-email-to-sql-git-status-docker-ps---f-1.log
 create mode 100644 server-runs/2026-05-13T06-40-39-app-curl--s--H-X-API-Key-dev-key-12345-http--1.log
 create mode 100644 server-runs/2026-05-13T06-41-41-app-cd-email-to-sql-git-pull-npm-install--D--1.log
 create mode 100644 server-runs/2026-05-13T06-42-45-app-cd-email-to-sql-npx-playwright-test-test-1.log
 create mode 100644 server-runs/2026-05-13T06-43-14-app-cd-email-to-sql-npx-playwright-install---1.log
 create mode 100644 server-runs/2026-05-13T06-44-06-app-ls--la-usr-local-share-playwright-browse-1.log
 create mode 100644 server-runs/2026-05-13T15-52-29-app-cd-email-to-sql-git-pull---ff-only-1.log
 create mode 100644 server-runs/2026-05-13T15-53-07-app-cd-email-to-sql-tail--30-src-extraction.-1.log
 create mode 100644 server-runs/2026-05-13T15-53-42-app-cd-email-to-sql-git-pull-1.log
 create mode 100644 server-runs/2026-05-13T15-55-25-app-cd-email-to-sql-git-log---oneline--5-1.log
 create mode 100644 server-runs/2026-05-13T15-56-00-app-cd-email-to-sql-git-show---stat-HEAD-hea-1.log
 create mode 100644 server-runs/2026-05-13T15-59-29-app-cd-email-to-sql-ls--lh-src-wc--l-src-ext-1.log
 create mode 100644 server-runs/2026-05-13T16-00-07-app-cd-email-to-sql-docker-compose-down-dock-1.log
 create mode 100644 server-runs/2026-05-13T16-00-54-app-cd-email-to-sql-docker-compose-logs---ta-1.log
 create mode 100644 server-runs/2026-05-13T16-01-41-app-cd-email-to-sql-npx-playwright-test-test-1.log
 create mode 100644 server-runs/2026-05-13T16-02-54-app-cd-email-to-sql-npx-playwright-test-test-1.log
 create mode 100644 server-runs/2026-05-13T16-03-51-app-cd-email-to-sql-git-status-git-log---one-1.log
 create mode 100644 tests/web/fixtures.spec.ts
 create mode 100644 week-08/_index.md
 create mode 100644 week-08/files/week-08-risks.md
 create mode 100644 week-08/pm-status.md
 create mode 100644 week-08/review.md
 create mode 100644 week-08/risks.md
 create mode 100644 week-08/test.md
 create mode 100644 week-09/_plan.md
 create mode 100644 week-09/engineering.md
64f438d Yuki (reviewer, week 9) — pre-SSH sync
6ec206e Yuki (reviewer, week 9) — pre-SSH sync
7b92810 Mehdi (engineer, week 9) — pre-SSH sync
0a01bf3 Mehdi (engineer, week 9) — pre-SSH sync
78d13f5 Mehdi (engineer, week 9) — pre-SSH sync

## STDERR (full)
(empty)