# Command 1 on app as tester
# Run at: 2026-05-13T05:20:25.946Z
# Exit code: 0
# Duration: 2855ms

## Command
cd ~ && git clone https://github.com/Innovaine/email-to-sql.git email-to-sql && cd email-to-sql && ls -la

## STDOUT (full)
total 48
drwxrwxr-x 8 tester tester 4096 May 13 05:20 .
drwxr-x--- 5 tester tester 4096 May 13 05:20 ..
drwxrwxr-x 8 tester tester 4096 May 13 05:20 .git
-rw-rw-r-- 1 tester tester 1671 May 13 05:20 README.md
-rw-rw-r-- 1 tester tester 1373 May 13 05:20 _meta.json
drwxrwxr-x 2 tester tester 4096 May 13 05:20 decisions
drwxrwxr-x 2 tester tester 4096 May 13 05:20 execution
-rw-rw-r-- 1 tester tester 1054 May 13 05:20 idea.md
drwxrwxr-x 2 tester tester 4096 May 13 05:20 reviews
-rw-rw-r-- 1 tester tester 3749 May 13 05:20 server-log.md
drwxrwxr-x 2 tester tester 4096 May 13 05:20 server-runs
drwxrwxr-x 2 tester tester 4096 May 13 05:20 week-01

## STDERR (full)
(empty)