# Command 1 on app as tester
# Run at: 2026-05-13T16:35:08.156Z
# Exit code: 0
# Duration: 6165ms

## Command
cd ~/email-to-sql && git pull --ff-only && docker compose up -d && sleep 3 && docker compose logs --tail=30

## STDOUT (full)
Updating 7a5fa39..547dc05
Fast-forward
 server-log.md                                      | 1682 ++++++++++++++++++++
 ...-cd-email-to-sql-git-pull-npm-install--D--1.log |  110 ++
 ...-cd-email-to-sql-npx-playwright-test-test-1.log |  226 +++
 ...-cd-email-to-sql-npx-playwright-install---1.log |   17 +
 ...-ls--la-usr-local-share-playwright-browse-1.log |   17 +
 ...29-app-cd-email-to-sql-git-pull---ff-only-1.log |   16 +
 ...-cd-email-to-sql-tail--30-src-extraction.-1.log |   32 +
 ...-13T15-53-42-app-cd-email-to-sql-git-pull-1.log |   20 +
 ...-app-cd-email-to-sql-git-log---oneline--5-1.log |   17 +
 ...-cd-email-to-sql-git-show---stat-HEAD-hea-1.log |   21 +
 ...-cd-email-to-sql-ls--lh-src-wc--l-src-ext-1.log |   18 +
 ...-cd-email-to-sql-docker-compose-down-dock-1.log |   77 +
 ...-cd-email-to-sql-docker-compose-logs---ta-1.log |   23 +
 ...-cd-email-to-sql-npx-playwright-test-test-1.log |  111 ++
 ...-cd-email-to-sql-npx-playwright-test-test-1.log |   15 +
 ...-cd-email-to-sql-git-status-git-log---one-1.log |   19 +
 ...-cd-email-to-sql-git-pull---ff-only-git-l-1.log |   87 +
 ...-cd-email-to-sql-docker-compose-build-2-1-1.log |   42 +
 ...-cd-email-to-sql-docker-compose-down-slee-1.log |   15 +
 ...-curl--s--H-X-API-Key-dev-key-12345-http--1.log |   18 +
 ...16-06-42-app-cd-email-to-sql-npm-test-2-1-1.log |   83 +
 ...-cd-email-to-sql-npm-install-2-1-tail--20-1.log |   19 +
 ...p-cd-email-to-sql-npx-playwright-test-2-1-1.log |  226 +++
 ...19-app-cd-email-to-sql-git-pull---ff-only-1.log |   60 +
 ...-cd-email-to-sql-docker-compose-down-slee-1.log |   76 +
 ...p-cd-email-to-sql-npx-playwright-test-2-1-1.log |   73 +
 ...-cd-email-to-sql-npm-install-2-1-tail--20-1.log |   19 +
 ...p-cd-email-to-sql-npx-playwright-test-2-1-1.log |  188 +++
 ...-cd-email-to-sql-git-pull---ff-only-docke-1.log |  109 ++
 ...app-cd-email-to-sql-git-log---oneline--10-1.log |   22 +
 ...-app-cd-email-to-sql-git-show-HEAD---stat-1.log |   21 +
 ...-cd-email-to-sql-git-pull---ff-only-npm-i-1.log |   65 +
 src/extraction.ts                                  |  124 +-
 src/server.ts                                      |   13 +-
 tests/pipedrive-sync.spec.ts                       |    7 +-
 tests/webhook.spec.ts                              |    4 +-
 week-08/_index.md                                  |   18 +
 week-08/files/week-08-risks.md                     |   13 +
 week-08/pm-status.md                               |   64 +
 week-08/risks.md                                   |   72 +
 week-08/test.md                                    |  342 ++++
 week-09/_index.md                                  |   15 +
 week-09/_plan.md                                   |   34 +
 week-09/engineering.md                             |  279 ++++
 week-09/pm-status.md                               |   64 +
 week-09/review.md                                  |  455 ++++++
 week-10/_plan.md                                   |   35 +
 week-10/engineering.md                             |  523 ++++++
 48 files changed, 5566 insertions(+), 40 deletions(-)
 create mode 100644 server-runs/2026-05-13T06-41-41-app-cd-email-to-sql-git-pull-npm-install--D--1.log
 create mode 100644 server-runs/2026-05-13T06-42-45-app-cd-email-to-sql-npx-playwright-test-test-1.log
 create mode 100644 server-runs/2026-05-13T06-43-14-app-cd-email-to-sql-npx-playwright-install---1.log
 create mode 100644 server-runs/2026-05-13T06-44-06-app-ls--la-usr-local-share-playwright-browse-1.log
 create mode 100644 server-runs/2026-05-13T15-52-29-app-cd-email-to-sql-git-pull---ff-only-1.log
 create mode 100644 server-runs/2026-05-13T15-53-07-app-cd-email-to-sql-tail--30-src-extraction.-1.log
 create mode 100644 server-runs/2026-05-13T15-53-42-app-cd-email-to-sql-git-pull-1.log
 create mode 100644 server-runs/2026-05-13T15-55-25-app-cd-email-to-sql-git-log---oneline--5-1.log
 create mode 100644 server-runs/2026-05-13T15-56-00-app-cd-email-to-sql-git-show---stat-HEAD-hea-1.log
 create mode 100644 server-runs/2026-05-13T15-59-29-app-cd-email-to-sql-ls--lh-src-wc--l-src-ext-1.log
 create mode 100644 server-runs/2026-05-13T16-00-07-app-cd-email-to-sql-docker-compose-down-dock-1.log
 create mode 100644 server-runs/2026-05-13T16-00-54-app-cd-email-to-sql-docker-compose-logs---ta-1.log
 create mode 100644 server-runs/2026-05-13T16-01-41-app-cd-email-to-sql-npx-playwright-test-test-1.log
 create mode 100644 server-runs/2026-05-13T16-02-54-app-cd-email-to-sql-npx-playwright-test-test-1.log
 create mode 100644 server-runs/2026-05-13T16-03-51-app-cd-email-to-sql-git-status-git-log---one-1.log
 create mode 100644 server-runs/2026-05-13T16-04-19-app-cd-email-to-sql-git-pull---ff-only-git-l-1.log
 create mode 100644 server-runs/2026-05-13T16-04-51-app-cd-email-to-sql-docker-compose-build-2-1-1.log
 create mode 100644 server-runs/2026-05-13T16-05-38-app-cd-email-to-sql-docker-compose-down-slee-1.log
 create mode 100644 server-runs/2026-05-13T16-06-08-app-curl--s--H-X-API-Key-dev-key-12345-http--1.log
 create mode 100644 server-runs/2026-05-13T16-06-42-app-cd-email-to-sql-npm-test-2-1-1.log
 create mode 100644 server-runs/2026-05-13T16-07-20-app-cd-email-to-sql-npm-install-2-1-tail--20-1.log
 create mode 100644 server-runs/2026-05-13T16-07-57-app-cd-email-to-sql-npx-playwright-test-2-1-1.log
 create mode 100644 server-runs/2026-05-13T16-24-19-app-cd-email-to-sql-git-pull---ff-only-1.log
 create mode 100644 server-runs/2026-05-13T16-24-56-app-cd-email-to-sql-docker-compose-down-slee-1.log
 create mode 100644 server-runs/2026-05-13T16-25-32-app-cd-email-to-sql-npx-playwright-test-2-1-1.log
 create mode 100644 server-runs/2026-05-13T16-26-10-app-cd-email-to-sql-npm-install-2-1-tail--20-1.log
 create mode 100644 server-runs/2026-05-13T16-26-53-app-cd-email-to-sql-npx-playwright-test-2-1-1.log
 create mode 100644 server-runs/2026-05-13T16-28-57-app-cd-email-to-sql-git-pull---ff-only-docke-1.log
 create mode 100644 server-runs/2026-05-13T16-29-46-app-cd-email-to-sql-git-log---oneline--10-1.log
 create mode 100644 server-runs/2026-05-13T16-30-13-app-cd-email-to-sql-git-show-HEAD---stat-1.log
 create mode 100644 server-runs/2026-05-13T16-31-50-app-cd-email-to-sql-git-pull---ff-only-npm-i-1.log
 create mode 100644 week-08/_index.md
 create mode 100644 week-08/files/week-08-risks.md
 create mode 100644 week-08/pm-status.md
 create mode 100644 week-08/risks.md
 create mode 100644 week-08/test.md
 create mode 100644 week-09/_index.md
 create mode 100644 week-09/_plan.md
 create mode 100644 week-09/engineering.md
 create mode 100644 week-09/pm-status.md
 create mode 100644 week-09/review.md
 create mode 100644 week-10/_plan.md
 create mode 100644 week-10/engineering.md
email-to-sql-webhook  | 
email-to-sql-webhook  | > email-to-sql@0.1.0 start
email-to-sql-webhook  | > node dist/server.js
email-to-sql-webhook  | 
email-to-sql-webhook  | ⚠️  PIPEDRIVE_API_TOKEN not set; Pipedrive sync will fail
email-to-sql-webhook  | ✓ Config loaded: PORT=5000, API_KEY=dev-key-...
email-to-sql-webhook  | 
email-to-sql-webhook  | ✅ Email-to-SQL webhook listening on http://localhost:5000
email-to-sql-webhook  |    POST /webhook/email  — submit forwarded email
email-to-sql-webhook  |    GET  /dashboard      — view extraction status
email-to-sql-webhook  |    GET  /health         — health check
email-to-sql-webhook  |

## STDERR (full)
(empty)