# Command 1 on app as engineer
# Run at: 2026-05-13T16:00:07.740Z
# Exit code: 0
# Duration: 7965ms

## Command
cd ~/email-to-sql && docker compose down && docker compose build && docker compose up -d

## STDOUT (full)
#1 [internal] load local bake definitions
#1 reading from stdin 540B done
#1 DONE 0.0s

#2 [internal] load build definition from Dockerfile
#2 transferring dockerfile: 947B done
#2 DONE 0.0s

#3 [internal] load metadata for docker.io/library/node:18-alpine
#3 DONE 0.6s

#4 [internal] load .dockerignore
#4 transferring context: 2B done
#4 DONE 0.0s

#5 [builder 1/7] FROM docker.io/library/node:18-alpine@sha256:8d6421d663b4c28fd3ebc498332f249011d118945588d0a35cb9bc4b8ca09d9e
#5 resolve docker.io/library/node:18-alpine@sha256:8d6421d663b4c28fd3ebc498332f249011d118945588d0a35cb9bc4b8ca09d9e 0.0s done
#5 DONE 0.0s

#6 [internal] load build context
#6 transferring context: 229B done
#6 DONE 0.0s

#7 [builder 2/7] WORKDIR /app
#7 CACHED

#8 [builder 3/7] COPY package.json package-lock.json* yarn.lock* pnpm-lock.yaml* ./
#8 CACHED

#9 [builder 4/7] RUN npm ci --omit=dev || npm install
#9 CACHED

#10 [builder 5/7] COPY tsconfig.json ./
#10 CACHED

#11 [builder 6/7] COPY src/ ./src/
#11 DONE 0.0s

#12 [builder 7/7] RUN npm run build
#12 0.339 
#12 0.339 > email-to-sql@0.1.0 build
#12 0.339 > tsc
#12 0.339 
#12 DONE 1.5s

#13 [stage-1 4/5] RUN npm ci --omit=dev || npm install --only=production
#13 CACHED

#14 [stage-1 5/5] COPY --from=builder /app/dist ./dist
#14 DONE 0.0s

#15 exporting to image
#15 exporting layers
#15 exporting layers 1.3s done
#15 exporting manifest sha256:fcee641dffe5249bfa49684a83eeef613a49b50eb11d979728d89ed9c09f7daf done
#15 exporting config sha256:728a4706dc99b4baac15e863794ac6b686d27fa0164fdc3c63e932284cb17cb9 done
#15 exporting attestation manifest sha256:f60071e6adf22680e2c995dc8edca662eb84070bbbfe8980f3e2a4f7c47f8e90 done
#15 exporting manifest list sha256:37ac5734740015f68cfe636634bc1e165ee4af58d4f9e929986671944073d1be done
#15 naming to docker.io/library/email-to-sql-email-to-sql:latest done
#15 unpacking to docker.io/library/email-to-sql-email-to-sql:latest
#15 unpacking to docker.io/library/email-to-sql-email-to-sql:latest 0.8s done
#15 DONE 2.1s

#16 resolving provenance for metadata file
#16 DONE 0.0s

## STDERR (full)
(empty)