# Command 1 on app as reviewer
# Run at: 2026-05-13T05:34:59.973Z
# Exit code: 0
# Duration: 3085ms

## Command
cd ~ && rm -rf email-to-sql-fresh && git clone https://github.com/Innovaine/email-to-sql.git email-to-sql-fresh && cd email-to-sql-fresh && echo "=== SOURCE CODE FILES ===" && find src -type f 2>/dev/null || echo "NO SRC DIRECTORY" && echo "=== CONFIG FILES ===" && ls -1 package.json tsconfig.json Dockerfile docker-compose.yml 2>/dev/null || echo "NO CONFIG FILES" && echo "=== REPO CONTENTS ===" && find . -type f -not -path './.git/*' | head -30

## STDOUT (full)
=== SOURCE CODE FILES ===
NO SRC DIRECTORY
=== CONFIG FILES ===
NO CONFIG FILES
=== REPO CONTENTS ===
./README.md
./tests/webhook.spec.ts
./tests/fixtures.ts
./tests/pipedrive-sync.spec.ts
./idea.md
./week-02/engineering.md
./week-02/review.md
./week-02/_index.md
./week-02/_plan.md
./server-runs/2026-05-13T05-18-32-app-cd-git-clone-https-github.com-Innovaine--1.log
./server-runs/2026-05-13T05-18-04-app-ls--la-grep-email-to-sql-ls--la-tmp-emai-1.log
./server-runs/2026-05-13T05-19-44-app-ls--la-email-to-sql-2-dev-null-echo-Repo-1.log
./server-runs/2026-05-13T05-29-49-app-cd-rm--rf-email-to-sql-git-clone-https-g-1.log
./server-runs/2026-05-13T05-20-25-app-cd-git-clone-https-github.com-Innovaine--1.log
./server-runs/2026-05-13T05-32-10-app-cd-rm--rf-email-to-sql-git-clone-https-g-1.log
./server-runs/2026-05-13T05-18-51-app-cd-email-to-sql-review-find-.--type-f--n-1.log
./week-04/engineering.md
./week-04/_plan.md
./week-01/test.md
./week-01/engineering.md
./week-01/review.md
./week-01/_index.md
./week-01/pm-status.md
./week-01/_plan.md
./week-01/risks.md
./week-01/files/week-01-risks.md
./reviews/cto-viktor.md
./reviews/cfo-hiroshi.md
./reviews/engineer-diego.md
./reviews/designer-lucia.md

## STDERR (full)
(empty)