# Command 1 on app as engineer
# Run at: 2026-05-13T16:00:54.207Z
# Exit code: 0
# Duration: 4541ms

## Command
cd ~/email-to-sql && docker compose logs --tail=10 && sleep 2 && curl -s -H "X-API-Key: dev-key-12345" http://localhost:5000/health | head -5

## STDOUT (full)
email-to-sql-webhook  | > node dist/server.js
email-to-sql-webhook  | 
email-to-sql-webhook  | ⚠️  PIPEDRIVE_API_TOKEN not set; Pipedrive sync will fail
email-to-sql-webhook  | ✓ Config loaded: PORT=5000, API_KEY=dev-key-...
email-to-sql-webhook  | 
email-to-sql-webhook  | ✅ Email-to-SQL webhook listening on http://localhost:5000
email-to-sql-webhook  |    POST /webhook/email  — submit forwarded email
email-to-sql-webhook  |    GET  /dashboard      — view extraction status
email-to-sql-webhook  |    GET  /health         — health check
email-to-sql-webhook  | 
{"status":"ok","version":"0.1.0","uptime":46.322542209,"extractions":0}

## STDERR (full)
(empty)