# Command 1 on app as tester
# Run at: 2026-05-13T05:39:42.729Z
# Exit code: 0
# Duration: 3110ms

## Command
cd ~/email-to-sql && git pull 2>&1 | tail -3 && echo "=== REPO STATE ===" && find . -type f -not -path './.git/*' -not -path './week-*' -not -path './reviews/*' -not -path './decisions/*' -not -path './execution/*' -not -path './server-runs/*' 2>/dev/null | sort

## STDOUT (full)
 create mode 100644 week-05/_plan.md
 create mode 100644 week-05/engineering.md
 create mode 100644 week-05/review.md
=== REPO STATE ===
./README.md
./_meta.json
./idea.md
./server-log.md
./tests/fixtures.ts
./tests/pipedrive-sync.spec.ts
./tests/webhook.spec.ts

## STDERR (full)
(empty)