# Command 1 on app as reviewer
# Run at: 2026-05-13T05:18:51.059Z
# Exit code: 0
# Duration: 2347ms

## Command
cd ~/email-to-sql-review && find . -type f -not -path './.git/*' | sort

## STDOUT (full)
./README.md
./_meta.json
./decisions/ceo-amara.md
./decisions/chairman-rajesh.md
./decisions/manager-shortlist-dmitri.md
./execution/outreach-oluwaseun.md
./execution/staffing-zara.md
./idea.md
./reviews/cfo-hiroshi.md
./reviews/cto-viktor.md
./reviews/designer-lucia.md
./reviews/devil-advocate-priya.md
./reviews/engineer-diego.md
./reviews/engineer-mehdi.md
./reviews/research-leila.md
./server-log.md
./server-runs/2026-05-13T05-18-04-app-ls--la-grep-email-to-sql-ls--la-tmp-emai-1.log
./week-01/_plan.md
./week-01/engineering.md

## STDERR (full)
(empty)