# Command 1 on app as tester
# Run at: 2026-05-13T06:19:12.609Z
# Exit code: 0
# Duration: 2604ms

## Command
cd ~/email-to-sql && docker compose logs 2>&1 | tail -50

## STDOUT (full)
time="2026-05-13T06:19:12Z" level=warning msg="/home/tester/email-to-sql/docker-compose.yml: the attribute `version` is obsolete, it will be ignored, please remove it to avoid potential confusion"
email-to-sql-webhook  | 
email-to-sql-webhook  | > email-to-sql@0.1.0 start
email-to-sql-webhook  | > node dist/src/server.js
email-to-sql-webhook  | 
email-to-sql-webhook  | ⚠️  PIPEDRIVE_API_TOKEN not set; Pipedrive sync will fail
email-to-sql-webhook  | ✓ Config loaded: PORT=5000, API_KEY=dev-key-...
email-to-sql-webhook  | 
email-to-sql-webhook  | ✅ Email-to-SQL webhook listening on http://localhost:5000
email-to-sql-webhook  |    POST /webhook/email  — submit forwarded email
email-to-sql-webhook  |    GET  /dashboard      — view extraction status
email-to-sql-webhook  |    GET  /health         — health check
email-to-sql-webhook  |

## STDERR (full)
(empty)