# Command 1 on app as reviewer
# Run at: 2026-05-13T06:03:11.331Z
# Exit code: 0
# Duration: 4869ms

## Command
cd ~/email-to-sql && timeout 180 docker compose build --progress=plain 2>&1 | tail -50

## STDOUT (full)
#11 CACHED

#12 [builder 6/7] COPY src/ ./src/
#12 DONE 0.0s

#13 [builder 7/7] RUN npm run build
#13 0.303 
#13 0.303 > email-to-sql@0.1.0 build
#13 0.303 > tsc
#13 0.303 
#13 1.406 src/pipedrive.ts(294,59): error TS2345: Argument of type 'string | null | undefined' is not assignable to parameter of type 'string | undefined'.
#13 1.406   Type 'null' is not assignable to type 'string | undefined'.
#13 1.406 src/server.ts(31,5): error TS2322: Type 'Response<any, Record<string, any>>' is not assignable to type 'void'.
#13 1.406 src/server.ts(49,28): error TS7030: Not all code paths return a value.
#13 1.406 src/server.ts(77,7): error TS2322: Type '{ success: boolean; contactId?: number | undefined; dealId?: number | undefined; error?: string | undefined; }' is not assignable to type '{ success: boolean; error: string; }'.
#13 1.406   Types of property 'error' are incompatible.
#13 1.406     Type 'string | undefined' is not assignable to type 'string'.
#13 1.406       Type 'undefined' is not assignable to type 'string'.
#13 ERROR: process "/bin/sh -c npm run build" did not complete successfully: exit code: 2
------
 > [builder 7/7] RUN npm run build:
0.303 > tsc
0.303 
1.406 src/pipedrive.ts(294,59): error TS2345: Argument of type 'string | null | undefined' is not assignable to parameter of type 'string | undefined'.
1.406   Type 'null' is not assignable to type 'string | undefined'.
1.406 src/server.ts(31,5): error TS2322: Type 'Response<any, Record<string, any>>' is not assignable to type 'void'.
1.406 src/server.ts(49,28): error TS7030: Not all code paths return a value.
1.406 src/server.ts(77,7): error TS2322: Type '{ success: boolean; contactId?: number | undefined; dealId?: number | undefined; error?: string | undefined; }' is not assignable to type '{ success: boolean; error: string; }'.
1.406   Types of property 'error' are incompatible.
1.406     Type 'string | undefined' is not assignable to type 'string'.
1.406       Type 'undefined' is not assignable to type 'string'.
------
Dockerfile:17

--------------------

  15 |     

  16 |     # Compile TypeScript

  17 | >>> RUN npm run build

  18 |     

  19 |     # Runtime stage

--------------------

failed to solve: process "/bin/sh -c npm run build" did not complete successfully: exit code: 2

## STDERR (full)
(empty)